{"name":"Validate delete product from saved","status":"broken","statusDetails":{"known":false,"muted":false,"flaky":false,"message":"Element must be set","trace":"java.lang.IllegalArgumentException: Element must be set\r\n\tat org.openqa.selenium.internal.Require.nonNull(Require.java:56)\r\n\tat org.openqa.selenium.interactions.PointerInput$Origin.fromElement(PointerInput.java:219)\r\n\tat org.openqa.selenium.interactions.Actions.moveInTicks(Actions.java:391)\r\n\tat org.openqa.selenium.interactions.Actions.click(Actions.java:298)\r\n\tat pageObject.BasePage.clickOnElement(BasePage.java:25)\r\n\tat pageObject.SearchResult.saveTheProductForLater(SearchResult.java:69)\r\n\tat cucumber.SearchStepsTest.saveTheProduct(SearchStepsTest.java:47)\r\n\tat ✽.The user save the product(file:///C:/Users/Mati/Desktop/GitLab/Raghaav/TestAutomationPracticeCucumber/src/test/java/cucumber/FavouritesFunction.feature:23)\r\n"},"stage":"finished","description":"    As a: User\n    I want: to save specific product\n    So that: I can buy it later","steps":[{"name":"Given  The user opens home page","status":"passed","statusDetails":{"known":false,"muted":false,"flaky":false},"stage":"finished","steps":[{"name":"Navigate to home page","status":"passed","stage":"finished","steps":[],"attachments":[],"parameters":[],"start":1619537722668,"stop":1619537726908}],"attachments":[],"parameters":[],"start":1619537722667,"stop":1619537726908},{"name":"When  The user searches for 'watches'","status":"passed","statusDetails":{"known":false,"muted":false,"flaky":false},"stage":"finished","steps":[{"name":"Search the product","status":"passed","stage":"finished","steps":[],"attachments":[],"parameters":[{"name":"searchTerm","value":"watches"}],"start":1619537726909,"stop":1619537739122}],"attachments":[],"parameters":[],"start":1619537726909,"stop":1619537739122},{"name":"And  The user go to the first product from watches result page","status":"passed","statusDetails":{"known":false,"muted":false,"flaky":false},"stage":"finished","steps":[{"name":"Accept cookies on results page","status":"passed","stage":"finished","steps":[],"attachments":[],"parameters":[],"start":1619537739123,"stop":1619537745866},{"name":"Accept country cookies on results page","status":"passed","stage":"finished","steps":[],"attachments":[],"parameters":[],"start":1619537745866,"stop":1619537751084},{"name":"Click on the first item that was listed","status":"passed","stage":"finished","steps":[],"attachments":[],"parameters":[],"start":1619537751115,"stop":1619537756322}],"attachments":[],"parameters":[],"start":1619537739123,"stop":1619537756322},{"name":"Then  The user save the product","status":"broken","statusDetails":{"known":false,"muted":false,"flaky":false,"message":"Element must be set","trace":"java.lang.IllegalArgumentException: Element must be set\r\n\tat org.openqa.selenium.internal.Require.nonNull(Require.java:56)\r\n\tat org.openqa.selenium.interactions.PointerInput$Origin.fromElement(PointerInput.java:219)\r\n\tat org.openqa.selenium.interactions.Actions.moveInTicks(Actions.java:391)\r\n\tat org.openqa.selenium.interactions.Actions.click(Actions.java:298)\r\n\tat pageObject.BasePage.clickOnElement(BasePage.java:25)\r\n\tat pageObject.SearchResult.saveTheProductForLater(SearchResult.java:69)\r\n\tat cucumber.SearchStepsTest.saveTheProduct(SearchStepsTest.java:47)\r\n\tat ✽.The user save the product(file:///C:/Users/Mati/Desktop/GitLab/Raghaav/TestAutomationPracticeCucumber/src/test/java/cucumber/FavouritesFunction.feature:23)\r\n"},"stage":"finished","steps":[{"name":"Click on the save product icon","status":"broken","statusDetails":{"known":false,"muted":false,"flaky":false,"message":"Element must be set","trace":"java.lang.IllegalArgumentException: Element must be set\r\n\tat org.openqa.selenium.internal.Require.nonNull(Require.java:56)\r\n\tat org.openqa.selenium.interactions.PointerInput$Origin.fromElement(PointerInput.java:219)\r\n\tat org.openqa.selenium.interactions.Actions.moveInTicks(Actions.java:391)\r\n\tat org.openqa.selenium.interactions.Actions.click(Actions.java:298)\r\n\tat pageObject.BasePage.clickOnElement(BasePage.java:25)\r\n\tat pageObject.SearchResult.saveTheProductForLater(SearchResult.java:69)\r\n\tat cucumber.SearchStepsTest.saveTheProduct(SearchStepsTest.java:47)\r\n\tat java.base/jdk.internal.reflect.NativeMethodAccessorImpl.invoke0(Native Method)\r\n\tat java.base/jdk.internal.reflect.NativeMethodAccessorImpl.invoke(NativeMethodAccessorImpl.java:64)\r\n\tat java.base/jdk.internal.reflect.DelegatingMethodAccessorImpl.invoke(DelegatingMethodAccessorImpl.java:43)\r\n\tat java.base/java.lang.reflect.Method.invoke(Method.java:564)\r\n\tat io.cucumber.java.Invoker.doInvoke(Invoker.java:66)\r\n\tat io.cucumber.java.Invoker.invoke(Invoker.java:24)\r\n\tat io.cucumber.java.AbstractGlueDefinition.invokeMethod(AbstractGlueDefinition.java:47)\r\n\tat io.cucumber.java.JavaStepDefinition.execute(JavaStepDefinition.java:29)\r\n\tat io.cucumber.core.runner.CoreStepDefinition.execute(CoreStepDefinition.java:66)\r\n\tat io.cucumber.core.runner.PickleStepDefinitionMatch.runStep(PickleStepDefinitionMatch.java:63)\r\n\tat io.cucumber.core.runner.ExecutionMode$1.execute(ExecutionMode.java:10)\r\n\tat io.cucumber.core.runner.TestStep.executeStep(TestStep.java:92)\r\n\tat io.cucumber.core.runner.TestStep.run(TestStep.java:64)\r\n\tat io.cucumber.core.runner.PickleStepTestStep.run(PickleStepTestStep.java:51)\r\n\tat io.cucumber.core.runner.TestCase.run(TestCase.java:104)\r\n\tat io.cucumber.core.runner.Runner.runPickle(Runner.java:73)\r\n\tat io.cucumber.testng.TestNGCucumberRunner.lambda$runScenario$0(TestNGCucumberRunner.java:117)\r\n\tat io.cucumber.core.runtime.CucumberExecutionContext.runTestCase(CucumberExecutionContext.java:117)\r\n\tat io.cucumber.testng.TestNGCucumberRunner.runScenario(TestNGCucumberRunner.java:114)\r\n\tat io.cucumber.testng.AbstractTestNGCucumberTests.runScenario(AbstractTestNGCucumberTests.java:31)\r\n\tat java.base/jdk.internal.reflect.NativeMethodAccessorImpl.invoke0(Native Method)\r\n\tat java.base/jdk.internal.reflect.NativeMethodAccessorImpl.invoke(NativeMethodAccessorImpl.java:64)\r\n\tat java.base/jdk.internal.reflect.DelegatingMethodAccessorImpl.invoke(DelegatingMethodAccessorImpl.java:43)\r\n\tat java.base/java.lang.reflect.Method.invoke(Method.java:564)\r\n\tat org.testng.internal.MethodInvocationHelper.invokeMethod(MethodInvocationHelper.java:132)\r\n\tat org.testng.internal.TestInvoker.invokeMethod(TestInvoker.java:599)\r\n\tat org.testng.internal.TestInvoker.invokeTestMethod(TestInvoker.java:174)\r\n\tat org.testng.internal.MethodRunner.runInSequence(MethodRunner.java:46)\r\n\tat org.testng.internal.TestInvoker$MethodInvocationAgent.invoke(TestInvoker.java:822)\r\n\tat org.testng.internal.TestInvoker.invokeTestMethods(TestInvoker.java:147)\r\n\tat org.testng.internal.TestMethodWorker.invokeTestMethods(TestMethodWorker.java:146)\r\n\tat org.testng.internal.TestMethodWorker.run(TestMethodWorker.java:128)\r\n\tat java.base/java.util.ArrayList.forEach(ArrayList.java:1511)\r\n\tat org.testng.TestRunner.privateRun(TestRunner.java:764)\r\n\tat org.testng.TestRunner.run(TestRunner.java:585)\r\n\tat org.testng.SuiteRunner.runTest(SuiteRunner.java:384)\r\n\tat org.testng.SuiteRunner.runSequentially(SuiteRunner.java:378)\r\n\tat org.testng.SuiteRunner.privateRun(SuiteRunner.java:337)\r\n\tat org.testng.SuiteRunner.run(SuiteRunner.java:286)\r\n\tat org.testng.SuiteRunnerWorker.runSuite(SuiteRunnerWorker.java:53)\r\n\tat org.testng.SuiteRunnerWorker.run(SuiteRunnerWorker.java:96)\r\n\tat org.testng.TestNG.runSuitesSequentially(TestNG.java:1218)\r\n\tat org.testng.TestNG.runSuitesLocally(TestNG.java:1140)\r\n\tat org.testng.TestNG.runSuites(TestNG.java:1069)\r\n\tat org.testng.TestNG.run(TestNG.java:1037)\r\n\tat com.intellij.rt.testng.IDEARemoteTestNG.run(IDEARemoteTestNG.java:66)\r\n\tat com.intellij.rt.testng.RemoteTestNGStarter.main(RemoteTestNGStarter.java:109)\r\n"},"stage":"finished","steps":[],"attachments":[],"parameters":[],"start":1619537761563,"stop":1619537771942}],"attachments":[],"parameters":[],"start":1619537756322,"stop":1619537771942},{"name":"When  The user go to saved products","status":"skipped","statusDetails":{"known":false,"muted":false,"flaky":false},"stage":"finished","steps":[],"attachments":[],"parameters":[],"start":1619537771943,"stop":1619537771943},{"name":"Then  The user is redirected to page with saved products","status":"skipped","statusDetails":{"known":false,"muted":false,"flaky":false},"stage":"finished","steps":[],"attachments":[],"parameters":[],"start":1619537771944,"stop":1619537771944},{"name":"When  The user delete the products from saved","status":"skipped","statusDetails":{"known":false,"muted":false,"flaky":false},"stage":"finished","steps":[],"attachments":[],"parameters":[],"start":1619537771944,"stop":1619537771944},{"name":"Then  There the saved section is empty","status":"skipped","statusDetails":{"known":false,"muted":false,"flaky":false},"stage":"finished","steps":[],"attachments":[],"parameters":[],"start":1619537771945,"stop":1619537771945}],"attachments":[],"parameters":[{"name":"ProductName","value":"watches"}],"start":1619537720993,"stop":1619537772637,"uuid":"95ed60c5-251e-415e-81af-78ab793b8a90","historyId":"252cc26b1464f1bd7dbe2e3bcf01be62","fullName":"Save the product: Validate delete product from saved","labels":[{"name":"host","value":"DESKTOP-JKK8O37"},{"name":"thread","value":"17200@DESKTOP-JKK8O37.main(1)"},{"name":"feature","value":"Save the product"},{"name":"story","value":"Validate delete product from saved"},{"name":"suite","value":"Save the product"},{"name":"testClass","value":"Validate delete product from saved"},{"name":"framework","value":"cucumber4jvm"},{"name":"language","value":"java"},{"name":"gherkin_uri","value":"file:///C:/Users/Mati/Desktop/GitLab/Raghaav/TestAutomationPracticeCucumber/src/test/java/cucumber/FavouritesFunction.feature"},{"name":"package","value":"src.test.java.cucumber.FavouritesFunction_feature.Save the product"}],"links":[]}