<?xml version="1.0" encoding="UTF-8"?>
<!-- Generated by org.testng.reporters.JUnitReportReporter -->
<testsuite hostname="DESKTOP-JKK8O37" failures="0" tests="8" name="cucumber.CucumberRunner" time="155.243" errors="1" timestamp="2021-04-27T17:02:59 CEST" skipped="0">
  <testcase classname="cucumber.CucumberRunner" name="runScenario" time="13.047"/>
  <system-out/>
  <testcase classname="cucumber.CucumberRunner" name="runScenario" time="17.237"/>
  <system-out/>
  <testcase classname="cucumber.CucumberRunner" name="runScenario" time="18.646"/>
  <system-out/>
  <testcase classname="cucumber.CucumberRunner" name="runScenario" time="23.900"/>
  <system-out/>
  <testcase classname="cucumber.CucumberRunner" name="runScenario" time="25.923">
    <error message="Element must be set" type="java.lang.IllegalArgumentException">
      <![CDATA[java.lang.IllegalArgumentException: Element must be set
at org.openqa.selenium.internal.Require.nonNull(Require.java:56)
at org.openqa.selenium.interactions.PointerInput$Origin.fromElement(PointerInput.java:219)
at org.openqa.selenium.interactions.Actions.moveInTicks(Actions.java:391)
at org.openqa.selenium.interactions.Actions.click(Actions.java:298)
at pageObject.BasePage.clickOnElement(BasePage.java:25)
at pageObject.SearchResult.acceptCountryCookies(SearchResult.java:63)
at cucumber.SearchStepsTest.goToTheFirstProductFromWatchesResultPage(SearchStepsTest.java:76)
at âœ½.The user go to the first product from watches result page(file:///C:/Users/Mati/Desktop/GitLab/Raghaav/TestAutomationPracticeCucumber/src/test/java/cucumber/FavouritesFunction.feature:22)
]]>
    </error>
  </testcase> <!-- runScenario -->
  <system-out/>
  <testcase classname="cucumber.CucumberRunner" name="runScenario" time="15.490"/>
  <system-out/>
  <testcase classname="cucumber.CucumberRunner" name="runScenario" time="27.924"/>
  <system-out/>
  <testcase classname="cucumber.CucumberRunner" name="runScenario" time="13.076"/>
  <system-out/>
</testsuite> <!-- cucumber.CucumberRunner -->
